[2023-05-03 00:01:08] INFO root fetch - main [MainThread]: Get Changelog since Serial: [17947546]
[2023-05-03 00:01:12] INFO root fetch - main [MainThread]: Found 13 changed packages
[2023-05-03 00:01:12] INFO root fetch - processPackages [ThreadPoolExecutor-0_0]: Start processing: rattail
[2023-05-03 00:01:12] INFO root fetch - processPackages [ThreadPoolExecutor-0_1]: Start processing: pulumi-eks
[2023-05-03 00:01:12] INFO root fetch - processPackages [ThreadPoolExecutor-0_2]: Start processing: flexsea
[2023-05-03 00:01:12] INFO root fetch - processPackages [ThreadPoolExecutor-0_3]: Start processing: FixedFloatApi
[2023-05-03 00:01:12] INFO root fetch - processPackages [ThreadPoolExecutor-0_4]: Start processing: collectmeterdigits
[2023-05-03 00:01:12] INFO root fetch - processPackages [ThreadPoolExecutor-0_5]: Start processing: google-vizier
[2023-05-03 00:01:12] INFO root fetch - processPackages [ThreadPoolExecutor-0_6]: Start processing: rocm-docs-core
[2023-05-03 00:01:12] INFO root fetch - processPackages [ThreadPoolExecutor-0_7]: Start processing: collectmeteranalog
[2023-05-03 00:01:12] INFO root fetch - processPackages [ThreadPoolExecutor-0_8]: Start processing: pgp-reconstruction
[2023-05-03 00:01:12] INFO root fetch - processPackages [ThreadPoolExecutor-0_9]: Start processing: telegpt
[2023-05-03 00:01:13] INFO root fetch - processPackages [google-vizier]: New version: [0.1.5] Old Version: [0.1.4]
[2023-05-03 00:01:13] INFO root fetch - processPackages [FixedFloatApi]: New version: [1.0.1] Old Version: [1.0.0]
[2023-05-03 00:01:13] INFO root fetch - processPackages [pulumi-eks]: New version: [1.1.0a1683060605] Old Version: [1.1.0a1682020849]
[2023-05-03 00:01:13] WARNING root fetch - processPackages [collectmeterdigits]: Skipping, unable to determine old version
[2023-05-03 00:01:13] INFO root fetch - processPackages [collectmeterdigits]: Start processing: kelvin-sdk-app
[2023-05-03 00:01:13] INFO root fetch - main [MainThread]: End processing [collectmeterdigits] error
[2023-05-03 00:01:13] INFO root fetch - processPackages [rocm-docs-core]: New version: [0.8.0] Old Version: [0.7.1]
[2023-05-03 00:01:13] INFO root fetch - processPackages [flexsea]: New version: [9.1.1] Old Version: [9.1.0]
[2023-05-03 00:01:13] INFO root fetch - processPackages [collectmeteranalog]: New version: [1.0.14] Old Version: [0.1.0]
[2023-05-03 00:01:13] WARNING root fetch - processPackages [pgp-reconstruction]: Skipping, unable to determine old version
[2023-05-03 00:01:13] INFO root fetch - processPackages [pgp-reconstruction]: Start processing: ix-aims
[2023-05-03 00:01:13] INFO root fetch - main [MainThread]: End processing [pgp-reconstruction] error
[2023-05-03 00:01:13] INFO root fetch - processPackages [telegpt]: New version: [0.1.1] Old Version: [0.1.0]
[2023-05-03 00:01:13] INFO root fetch - processPackages [kelvin-sdk-app]: New version: [7.9.0] Old Version: [7.8.1]
[2023-05-03 00:01:13] INFO root fetch - processPackages [rattail]: New version: [0.9.99] Old Version: [0.9.98]
[2023-05-03 00:01:13] INFO root fetch - processPackages [ix-aims]: New version: [0.1.1rc2] Old Version: [0.1.1rc1]
[2023-05-03 00:01:13] INFO root fetch - processPackages [FixedFloatApi]: Downloading https://files.pythonhosted.org/packages/55/1b/64beefeaf7031be2472417398f3a67e99e516afd40266a9e0bccbc2790cf/FixedFloatApi-1.0.0.tar.gz
[2023-05-03 00:01:13] INFO root fetch - processPackages [pulumi-eks]: Downloading https://files.pythonhosted.org/packages/06/73/be6eddad16dcc055f64c17612e361f4ebf8d608cc5e0cbe58ac33081d280/pulumi_eks-1.1.0a1682020849.tar.gz
[2023-05-03 00:01:13] INFO root fetch - processPackages [rattail]: executing diffoscope
[2023-05-03 00:01:13] INFO root fetch - processPackages [rattail]: podman run --user 0:0 --rm -w /home/abi/fetcher -v /home/abi/fetcher/tmp:/home/abi/fetcher/tmp:ro -v /home/abi/fetcher/20230503:/home/abi/fetcher/20230503:rw registry.salsa.debian.org/reproducible-builds/diffoscope --no-progress tmp/rattail-0.9.98.tar.gz tmp/rattail-0.9.99.tar.gz --markdown 20230503/r/rattail/0.9.98-0.9.99/diff.md --exclude *.pyd
[2023-05-03 00:01:13] INFO root fetch - processPackages [telegpt]: Downloading https://files.pythonhosted.org/packages/94/90/9f9ffc089c66819a5df2e4ba66ae7300282a45ea9078122c55f2d6301f71/telegpt-0.1.0.tar.gz
[2023-05-03 00:01:13] INFO root fetch - processPackages [collectmeteranalog]: Downloading https://files.pythonhosted.org/packages/f9/18/08d60a9523d68bef0e0f18c0e13e59d0a1d1d0994e2e1fd173e713359257/collectmeteranalog-0.1.0.tar.gz
[2023-05-03 00:01:13] INFO root fetch - processPackages [google-vizier]: Downloading https://files.pythonhosted.org/packages/cd/21/72240b37208d67ddfd39e5a2ff5790e7c5c90704c4a3e0295f2bfdf1c7c0/google-vizier-0.1.4.tar.gz
[2023-05-03 00:01:13] INFO root fetch - processPackages [kelvin-sdk-app]: Downloading https://files.pythonhosted.org/packages/1f/f1/3c4535c3b66b71f7fa62b9b00e3909d929663a8ebe9a2043a0e523b0349b/kelvin_sdk_app-7.8.1-py3-none-any.whl
[2023-05-03 00:01:13] INFO root fetch - processPackages [flexsea]: Downloading https://files.pythonhosted.org/packages/73/13/5e6a24eca54dfb5d33c482a558ba5eec2335484350b7b286b306d01712b9/flexsea-9.1.0-py3-none-any.whl
[2023-05-03 00:01:13] INFO root fetch - processPackages [ix-aims]: Downloading https://files.pythonhosted.org/packages/ba/b3/84e05c56edce85540bc668ac03d57a5950766c5fa3491069d86d01ca02be/ix_aims-0.1.1rc2.tar.gz
[2023-05-03 00:01:13] INFO root fetch - processPackages [FixedFloatApi]: Downloading https://files.pythonhosted.org/packages/0b/a8/3bfa94a1cfa882c0d9822b933a0c9e7386180f692a19861e6f78632dc364/FixedFloatApi-1.0.1.tar.gz
[2023-05-03 00:01:13] INFO root fetch - processPackages [rocm-docs-core]: Downloading https://files.pythonhosted.org/packages/8d/5b/d16f23eb3a49f0e9fa707f247b5c71136e59cbeb970eac25f7e4ee74d782/rocm-docs-core-0.8.0.tar.gz
[2023-05-03 00:01:13] INFO root fetch - processPackages [ix-aims]: executing diffoscope
[2023-05-03 00:01:13] INFO root fetch - processPackages [ix-aims]: podman run --user 0:0 --rm -w /home/abi/fetcher -v /home/abi/fetcher/tmp:/home/abi/fetcher/tmp:ro -v /home/abi/fetcher/20230503:/home/abi/fetcher/20230503:rw registry.salsa.debian.org/reproducible-builds/diffoscope --no-progress tmp/ix_aims-0.1.1rc1.tar.gz tmp/ix_aims-0.1.1rc2.tar.gz --markdown 20230503/i/ix-aims/0.1.1rc1-0.1.1rc2/diff.md --exclude *.pyd
[2023-05-03 00:01:13] INFO root fetch - processPackages [telegpt]: Downloading https://files.pythonhosted.org/packages/82/a4/6ae88bfa76ec57093504f7eb56b843587d67f19501322f0fd6d189023cc2/telegpt-0.1.1.tar.gz
[2023-05-03 00:01:13] INFO root fetch - processPackages [google-vizier]: Downloading https://files.pythonhosted.org/packages/b7/75/97667677158775327a4d5b959fe833898094c62ac108a31badc118bc29be/google-vizier-0.1.5.tar.gz
[2023-05-03 00:01:13] INFO root fetch - processPackages [rocm-docs-core]: executing diffoscope
[2023-05-03 00:01:13] INFO root fetch - processPackages [rocm-docs-core]: podman run --user 0:0 --rm -w /home/abi/fetcher -v /home/abi/fetcher/tmp:/home/abi/fetcher/tmp:ro -v /home/abi/fetcher/20230503:/home/abi/fetcher/20230503:rw registry.salsa.debian.org/reproducible-builds/diffoscope --no-progress tmp/rocm-docs-core-0.7.1.tar.gz tmp/rocm-docs-core-0.8.0.tar.gz --markdown 20230503/r/rocm-docs-core/0.7.1-0.8.0/diff.md --exclude *.pyd
[2023-05-03 00:01:13] INFO root fetch - processPackages [pulumi-eks]: Downloading https://files.pythonhosted.org/packages/f4/49/4589a3b4b5fa3dc7ab5ea7a5f87da10a91ef91cc59c9f312d3979b9cbc5f/pulumi_eks-1.1.0a1683060605.tar.gz
[2023-05-03 00:01:13] WARNING root fetch - processPackages [flexsea]: Skipping package: exceeds size limit 13968448>=10485760
[2023-05-03 00:01:13] INFO root fetch - processPackages [flexsea]: Start processing: Corporal
[2023-05-03 00:01:13] INFO root fetch - main [MainThread]: End processing [flexsea] error
[2023-05-03 00:01:13] INFO root fetch - processPackages [telegpt]: executing diffoscope
[2023-05-03 00:01:13] INFO root fetch - processPackages [telegpt]: podman run --user 0:0 --rm -w /home/abi/fetcher -v /home/abi/fetcher/tmp:/home/abi/fetcher/tmp:ro -v /home/abi/fetcher/20230503:/home/abi/fetcher/20230503:rw registry.salsa.debian.org/reproducible-builds/diffoscope --no-progress tmp/telegpt-0.1.0.tar.gz tmp/telegpt-0.1.1.tar.gz --markdown 20230503/t/telegpt/0.1.0-0.1.1/diff.md --exclude *.pyd
[2023-05-03 00:01:13] INFO root fetch - processPackages [FixedFloatApi]: executing diffoscope
[2023-05-03 00:01:13] INFO root fetch - processPackages [FixedFloatApi]: podman run --user 0:0 --rm -w /home/abi/fetcher -v /home/abi/fetcher/tmp:/home/abi/fetcher/tmp:ro -v /home/abi/fetcher/20230503:/home/abi/fetcher/20230503:rw registry.salsa.debian.org/reproducible-builds/diffoscope --no-progress tmp/FixedFloatApi-1.0.0.tar.gz tmp/FixedFloatApi-1.0.1.tar.gz --markdown 20230503/F/FixedFloatApi/1.0.0-1.0.1/diff.md --exclude *.pyd
[2023-05-03 00:01:13] INFO root fetch - processPackages [Corporal]: New version: [0.1.9] Old Version: [0.1.8]
[2023-05-03 00:01:13] INFO root fetch - processPackages [collectmeteranalog]: Downloading https://files.pythonhosted.org/packages/fc/77/4eded5e3150daa0556eee7fbe302c1143e4c3b8d428cc38982440c963315/collectmeteranalog-1.0.14.tar.gz
[2023-05-03 00:01:13] INFO root fetch - processPackages [kelvin-sdk-app]: Downloading https://files.pythonhosted.org/packages/b8/0f/46a377a3db021431b05dfab7c36598563330584d3e6c34f8d561418bf414/kelvin_sdk_app-7.9.0-py3-none-any.whl
[2023-05-03 00:01:13] INFO root fetch - processPackages [google-vizier]: executing diffoscope
[2023-05-03 00:01:13] INFO root fetch - processPackages [google-vizier]: podman run --user 0:0 --rm -w /home/abi/fetcher -v /home/abi/fetcher/tmp:/home/abi/fetcher/tmp:ro -v /home/abi/fetcher/20230503:/home/abi/fetcher/20230503:rw registry.salsa.debian.org/reproducible-builds/diffoscope --no-progress tmp/google-vizier-0.1.4.tar.gz tmp/google-vizier-0.1.5.tar.gz --markdown 20230503/g/google-vizier/0.1.4-0.1.5/diff.md --exclude *.pyd
[2023-05-03 00:01:13] INFO root fetch - processPackages [pulumi-eks]: executing diffoscope
[2023-05-03 00:01:13] INFO root fetch - processPackages [pulumi-eks]: podman run --user 0:0 --rm -w /home/abi/fetcher -v /home/abi/fetcher/tmp:/home/abi/fetcher/tmp:ro -v /home/abi/fetcher/20230503:/home/abi/fetcher/20230503:rw registry.salsa.debian.org/reproducible-builds/diffoscope --no-progress tmp/pulumi_eks-1.1.0a1682020849.tar.gz tmp/pulumi_eks-1.1.0a1683060605.tar.gz --markdown 20230503/p/pulumi-eks/1.1.0a1682020849-1.1.0a1683060605/diff.md --exclude *.pyd
[2023-05-03 00:01:13] INFO root fetch - processPackages [collectmeteranalog]: executing diffoscope
[2023-05-03 00:01:13] INFO root fetch - processPackages [collectmeteranalog]: podman run --user 0:0 --rm -w /home/abi/fetcher -v /home/abi/fetcher/tmp:/home/abi/fetcher/tmp:ro -v /home/abi/fetcher/20230503:/home/abi/fetcher/20230503:rw registry.salsa.debian.org/reproducible-builds/diffoscope --no-progress tmp/collectmeteranalog-0.1.0.tar.gz tmp/collectmeteranalog-1.0.14.tar.gz --markdown 20230503/c/collectmeteranalog/0.1.0-1.0.14/diff.md --exclude *.pyd
[2023-05-03 00:01:13] INFO root fetch - processPackages [kelvin-sdk-app]: executing diffoscope
[2023-05-03 00:01:13] INFO root fetch - processPackages [kelvin-sdk-app]: podman run --user 0:0 --rm -w /home/abi/fetcher -v /home/abi/fetcher/tmp:/home/abi/fetcher/tmp:ro -v /home/abi/fetcher/20230503:/home/abi/fetcher/20230503:rw registry.salsa.debian.org/reproducible-builds/diffoscope --no-progress tmp/kelvin_sdk_app-7.8.1-py3-none-any.whl.zip tmp/kelvin_sdk_app-7.9.0-py3-none-any.whl.zip --markdown 20230503/k/kelvin-sdk-app/7.8.1-7.9.0/diff.md --exclude *.pyd
[2023-05-03 00:01:13] INFO root fetch - processPackages [Corporal]: Downloading https://files.pythonhosted.org/packages/a7/20/790930872cf9107877c4cf729695a194b39d952fe9665a66325e0af1fb00/Corporal-0.1.8.tar.gz
[2023-05-03 00:01:14] INFO root fetch - processPackages [Corporal]: Downloading https://files.pythonhosted.org/packages/b9/fa/9775531117c313e9c4f8da268d0f31de93a8b1b7fb9db42445e085a5751a/Corporal-0.1.9.tar.gz
[2023-05-03 00:01:14] INFO root fetch - processPackages [Corporal]: executing diffoscope
[2023-05-03 00:01:14] INFO root fetch - processPackages [Corporal]: podman run --user 0:0 --rm -w /home/abi/fetcher -v /home/abi/fetcher/tmp:/home/abi/fetcher/tmp:ro -v /home/abi/fetcher/20230503:/home/abi/fetcher/20230503:rw registry.salsa.debian.org/reproducible-builds/diffoscope --no-progress tmp/Corporal-0.1.8.tar.gz tmp/Corporal-0.1.9.tar.gz --markdown 20230503/C/Corporal/0.1.8-0.1.9/diff.md --exclude *.pyd
[2023-05-03 00:01:15] INFO root fetch - main [MainThread]: End processing [ix-aims]: success
[2023-05-03 00:01:15] INFO root fetch - main [MainThread]: End processing [FixedFloatApi]: success
[2023-05-03 00:01:15] INFO root fetch - main [MainThread]: End processing [telegpt]: success
[2023-05-03 00:01:15] INFO root fetch - main [MainThread]: End processing [collectmeteranalog]: success
[2023-05-03 00:01:15] INFO root fetch - main [MainThread]: End processing [kelvin-sdk-app]: success
[2023-05-03 00:01:15] INFO root fetch - main [MainThread]: End processing [Corporal]: success
[2023-05-03 00:01:16] INFO root fetch - main [MainThread]: End processing [pulumi-eks]: success
[2023-05-03 00:01:18] INFO root fetch - main [MainThread]: End processing [google-vizier]: success
[2023-05-03 00:01:18] INFO root fetch - main [MainThread]: End processing [rocm-docs-core]: success
[2023-05-03 00:01:20] INFO root fetch - main [MainThread]: End processing [rattail]: success
[2023-05-03 00:01:20] INFO root fetch - main [MainThread]: Store serial: [17947584]
[2023-05-03 00:06:26] INFO root fetch - main [MainThread]: Get Changelog since Serial: [17947584]
[2023-05-03 00:06:30] INFO root fetch - main [MainThread]: Found 10 changed packages
[2023-05-03 00:06:30] INFO root fetch - processPackages [ThreadPoolExecutor-0_0]: Start processing: flexsea
[2023-05-03 00:06:30] INFO root fetch - processPackages [ThreadPoolExecutor-0_1]: Start processing: netbox-plugin-dns
[2023-05-03 00:06:30] INFO root fetch - processPackages [ThreadPoolExecutor-0_2]: Start processing: OctoBot-Trading
[2023-05-03 00:06:30] INFO root fetch - processPackages [ThreadPoolExecutor-0_3]: Start processing: djangocms-simple-admin-style
[2023-05-03 00:06:30] INFO root fetch - processPackages [ThreadPoolExecutor-0_4]: Start processing: mosaik.Web-SemVer
[2023-05-03 00:06:30] INFO root fetch - processPackages [ThreadPoolExecutor-0_5]: Start processing: diator
[2023-05-03 00:06:30] INFO root fetch - processPackages [ThreadPoolExecutor-0_6]: Start processing: inorbit-edge
[2023-05-03 00:06:30] INFO root fetch - processPackages [ThreadPoolExecutor-0_7]: Start processing: tap-rest-api-msdk
[2023-05-03 00:06:30] INFO root fetch - processPackages [ThreadPoolExecutor-0_8]: Start processing: guidance
[2023-05-03 00:06:30] INFO root fetch - processPackages [ThreadPoolExecutor-0_9]: Start processing: jq
[2023-05-03 00:06:31] INFO root fetch - processPackages [djangocms-simple-admin-style]: New version: [0.4.0] Old Version: [0.3.1]
[2023-05-03 00:06:31] INFO root fetch - processPackages [diator]: New version: [0.1.2] Old Version: [0.1.1]
[2023-05-03 00:06:31] INFO root fetch - processPackages [flexsea]: New version: [9.1.1] Old Version: [9.1.0]
[2023-05-03 00:06:31] WARNING root fetch - processPackages [netbox-plugin-dns]: Skipping, unable to determine old version
[2023-05-03 00:06:31] INFO root fetch - processPackages [inorbit-edge]: New version: [1.9.2] Old Version: [1.9.1]
[2023-05-03 00:06:31] INFO root fetch - main [MainThread]: End processing [netbox-plugin-dns] error
[2023-05-03 00:06:31] INFO root fetch - processPackages [guidance]: New version: [0.0.9] Old Version: [0.0.8]
[2023-05-03 00:06:31] INFO root fetch - processPackages [OctoBot-Trading]: New version: [2.4.0] Old Version: [2.3.7]
[2023-05-03 00:06:31] INFO root fetch - processPackages [tap-rest-api-msdk]: New version: [1.1.1] Old Version: [1.0.0]
[2023-05-03 00:06:31] INFO root fetch - processPackages [mosaik.Web-SemVer]: New version: [0.2.3rc20230502220306] Old Version: [0.2.3rc20230402220408]
[2023-05-03 00:06:31] INFO root fetch - processPackages [flexsea]: Downloading https://files.pythonhosted.org/packages/73/13/5e6a24eca54dfb5d33c482a558ba5eec2335484350b7b286b306d01712b9/flexsea-9.1.0-py3-none-any.whl
[2023-05-03 00:06:31] INFO root fetch - processPackages [guidance]: executing diffoscope
[2023-05-03 00:06:31] INFO root fetch - processPackages [guidance]: podman run --user 0:0 --rm -w /home/abi/fetcher -v /home/abi/fetcher/tmp:/home/abi/fetcher/tmp:ro -v /home/abi/fetcher/20230503:/home/abi/fetcher/20230503:rw registry.salsa.debian.org/reproducible-builds/diffoscope --no-progress tmp/guidance-0.0.8.tar.gz tmp/guidance-0.0.9.tar.gz --markdown 20230503/g/guidance/0.0.8-0.0.9/diff.md --exclude *.pyd
[2023-05-03 00:06:31] INFO root fetch - processPackages [djangocms-simple-admin-style]: Downloading https://files.pythonhosted.org/packages/a4/71/f161fa5d96316ebed9e732f0dce6d58bfed1a3c62531c5544ec683d8b22c/djangocms-simple-admin-style-0.3.1.tar.gz
[2023-05-03 00:06:31] WARNING root fetch - processPackages [flexsea]: Skipping package: exceeds size limit 13968448>=10485760
[2023-05-03 00:06:31] INFO root fetch - main [MainThread]: End processing [flexsea] error
[2023-05-03 00:06:31] INFO root fetch - processPackages [diator]: Downloading https://files.pythonhosted.org/packages/fc/37/edccdf46dc88568131c5716077d25dfa94b4aef34a9412869e30ec2d4a5a/diator-0.1.1.tar.gz
[2023-05-03 00:06:31] INFO root fetch - processPackages [inorbit-edge]: Downloading https://files.pythonhosted.org/packages/44/57/557cc9e974461efb7fd4c05bf7378ad0b40a1fefdbe5c8727a18edeb702e/inorbit_edge-1.9.2.tar.gz
[2023-05-03 00:06:31] INFO root fetch - processPackages [jq]: New version: [1.5.0a1] Old Version: [1.4.1]
[2023-05-03 00:06:31] INFO root fetch - processPackages [mosaik.Web-SemVer]: Downloading https://files.pythonhosted.org/packages/e1/24/4b6aa16eeb0ae7bad95b4e1352e0ca10de8fba6747aaa067aa780fe2c989/mosaik.Web_SemVer-0.2.3rc20230402220408-py2.py3-none-any.whl
[2023-05-03 00:06:31] INFO root fetch - processPackages [tap-rest-api-msdk]: Downloading https://files.pythonhosted.org/packages/2f/58/fdf27fda2012d1279aa8edeca1ab20078b2b53afdf6db2316a83d2da9aee/tap-rest-api-msdk-1.0.0.tar.gz
[2023-05-03 00:06:31] INFO root fetch - processPackages [OctoBot-Trading]: Downloading https://files.pythonhosted.org/packages/8a/00/ab42a92cef0bb2a4cbc737dfb47df960777a75e4e21e5dd0be6a40946c57/OctoBot-Trading-2.4.0.tar.gz
[2023-05-03 00:06:31] INFO root fetch - processPackages [djangocms-simple-admin-style]: Downloading https://files.pythonhosted.org/packages/1a/88/4aec2a3dc610c444c94f2c06283959d3d9f58e281f0974e9f6f11c397b59/djangocms-simple-admin-style-0.4.0.tar.gz
[2023-05-03 00:06:31] INFO root fetch - processPackages [inorbit-edge]: executing diffoscope
[2023-05-03 00:06:31] INFO root fetch - processPackages [inorbit-edge]: podman run --user 0:0 --rm -w /home/abi/fetcher -v /home/abi/fetcher/tmp:/home/abi/fetcher/tmp:ro -v /home/abi/fetcher/20230503:/home/abi/fetcher/20230503:rw registry.salsa.debian.org/reproducible-builds/diffoscope --no-progress tmp/inorbit_edge-1.9.1.tar.gz tmp/inorbit_edge-1.9.2.tar.gz --markdown 20230503/i/inorbit-edge/1.9.1-1.9.2/diff.md --exclude *.pyd
[2023-05-03 00:06:31] INFO root fetch - processPackages [jq]: Downloading https://files.pythonhosted.org/packages/6e/b1/44632550d22e1a151273ad0555c8149656c6fd019f5fad0b9cd789059a2b/jq-1.4.1.tar.gz
[2023-05-03 00:06:31] INFO root fetch - processPackages [djangocms-simple-admin-style]: executing diffoscope
[2023-05-03 00:06:31] INFO root fetch - processPackages [djangocms-simple-admin-style]: podman run --user 0:0 --rm -w /home/abi/fetcher -v /home/abi/fetcher/tmp:/home/abi/fetcher/tmp:ro -v /home/abi/fetcher/20230503:/home/abi/fetcher/20230503:rw registry.salsa.debian.org/reproducible-builds/diffoscope --no-progress tmp/djangocms-simple-admin-style-0.3.1.tar.gz tmp/djangocms-simple-admin-style-0.4.0.tar.gz --markdown 20230503/d/djangocms-simple-admin-style/0.3.1-0.4.0/diff.md --exclude *.pyd
[2023-05-03 00:06:31] INFO root fetch - processPackages [OctoBot-Trading]: executing diffoscope
[2023-05-03 00:06:31] INFO root fetch - processPackages [OctoBot-Trading]: podman run --user 0:0 --rm -w /home/abi/fetcher -v /home/abi/fetcher/tmp:/home/abi/fetcher/tmp:ro -v /home/abi/fetcher/20230503:/home/abi/fetcher/20230503:rw registry.salsa.debian.org/reproducible-builds/diffoscope --no-progress tmp/OctoBot-Trading-2.3.7.tar.gz tmp/OctoBot-Trading-2.4.0.tar.gz --markdown 20230503/O/OctoBot-Trading/2.3.7-2.4.0/diff.md --exclude *.pyd
[2023-05-03 00:06:31] INFO root fetch - processPackages [tap-rest-api-msdk]: Downloading https://files.pythonhosted.org/packages/5e/19/726dc8d15f7589439f485084b251e04aa3fafe38b6b2935018fa83fb6949/tap_rest_api_msdk-1.1.1.tar.gz
[2023-05-03 00:06:31] INFO root fetch - processPackages [diator]: Downloading https://files.pythonhosted.org/packages/7f/43/b908d8bc852fa275e80e54d9883b35f4f6326d36b815e006f9edce394388/diator-0.1.2.tar.gz
[2023-05-03 00:06:31] INFO root fetch - processPackages [mosaik.Web-SemVer]: Downloading https://files.pythonhosted.org/packages/96/a6/08796e102d80eac72c908fc73a74d5f3dd0b0cb0140a2506cc2502988af2/mosaik.Web_SemVer-0.2.3rc20230502220306-py2.py3-none-any.whl
[2023-05-03 00:06:31] INFO root fetch - processPackages [tap-rest-api-msdk]: executing diffoscope
[2023-05-03 00:06:31] INFO root fetch - processPackages [tap-rest-api-msdk]: podman run --user 0:0 --rm -w /home/abi/fetcher -v /home/abi/fetcher/tmp:/home/abi/fetcher/tmp:ro -v /home/abi/fetcher/20230503:/home/abi/fetcher/20230503:rw registry.salsa.debian.org/reproducible-builds/diffoscope --no-progress tmp/tap-rest-api-msdk-1.0.0.tar.gz tmp/tap_rest_api_msdk-1.1.1.tar.gz --markdown 20230503/t/tap-rest-api-msdk/1.0.0-1.1.1/diff.md --exclude *.pyd
[2023-05-03 00:06:31] INFO root fetch - processPackages [diator]: executing diffoscope
[2023-05-03 00:06:31] INFO root fetch - processPackages [diator]: podman run --user 0:0 --rm -w /home/abi/fetcher -v /home/abi/fetcher/tmp:/home/abi/fetcher/tmp:ro -v /home/abi/fetcher/20230503:/home/abi/fetcher/20230503:rw registry.salsa.debian.org/reproducible-builds/diffoscope --no-progress tmp/diator-0.1.1.tar.gz tmp/diator-0.1.2.tar.gz --markdown 20230503/d/diator/0.1.1-0.1.2/diff.md --exclude *.pyd
[2023-05-03 00:06:31] INFO root fetch - processPackages [mosaik.Web-SemVer]: executing diffoscope
[2023-05-03 00:06:31] INFO root fetch - processPackages [mosaik.Web-SemVer]: podman run --user 0:0 --rm -w /home/abi/fetcher -v /home/abi/fetcher/tmp:/home/abi/fetcher/tmp:ro -v /home/abi/fetcher/20230503:/home/abi/fetcher/20230503:rw registry.salsa.debian.org/reproducible-builds/diffoscope --no-progress tmp/mosaik.Web_SemVer-0.2.3rc20230402220408-py2.py3-none-any.whl.zip tmp/mosaik.Web_SemVer-0.2.3rc20230502220306-py2.py3-none-any.whl.zip --markdown 20230503/m/mosaik.Web-SemVer/0.2.3rc20230402220408-0.2.3rc20230502220306/diff.md --exclude *.pyd
[2023-05-03 00:06:31] INFO root fetch - processPackages [jq]: Downloading https://files.pythonhosted.org/packages/e5/85/1abf44063568964bb5444039ce5ce4944976410a2e3c1090f27ea7c2d7dd/jq-1.5.0a1.tar.gz
[2023-05-03 00:06:32] INFO root fetch - processPackages [jq]: executing diffoscope
[2023-05-03 00:06:32] INFO root fetch - processPackages [jq]: podman run --user 0:0 --rm -w /home/abi/fetcher -v /home/abi/fetcher/tmp:/home/abi/fetcher/tmp:ro -v /home/abi/fetcher/20230503:/home/abi/fetcher/20230503:rw registry.salsa.debian.org/reproducible-builds/diffoscope --no-progress tmp/jq-1.4.1.tar.gz tmp/jq-1.5.0a1.tar.gz --markdown 20230503/j/jq/1.4.1-1.5.0a1/diff.md --exclude *.pyd
[2023-05-03 00:06:32] INFO root fetch - main [MainThread]: End processing [guidance]: success
[2023-05-03 00:06:32] INFO root fetch - main [MainThread]: End processing [inorbit-edge]: success
[2023-05-03 00:06:32] INFO root fetch - main [MainThread]: End processing [tap-rest-api-msdk]: success
[2023-05-03 00:06:32] INFO root fetch - main [MainThread]: End processing [djangocms-simple-admin-style]: success
[2023-05-03 00:06:33] INFO root fetch - main [MainThread]: End processing [diator]: success
[2023-05-03 00:06:33] INFO root fetch - main [MainThread]: End processing [mosaik.Web-SemVer]: success
[2023-05-03 00:06:33] INFO root fetch - main [MainThread]: End processing [jq]: success
[2023-05-03 00:06:41] INFO root fetch - main [MainThread]: End processing [OctoBot-Trading]: success
[2023-05-03 00:06:41] INFO root fetch - main [MainThread]: Store serial: [17947617]
[2023-05-03 00:11:45] INFO root fetch - main [MainThread]: Get Changelog since Serial: [17947617]
[2023-05-03 00:11:50] INFO root fetch - main [MainThread]: Found 11 changed packages
[2023-05-03 00:11:50] INFO root fetch - processPackages [ThreadPoolExecutor-0_0]: Start processing: coursepy
[2023-05-03 00:11:50] INFO root fetch - processPackages [ThreadPoolExecutor-0_1]: Start processing: ix-aims
[2023-05-03 00:11:50] INFO root fetch - processPackages [ThreadPoolExecutor-0_2]: Start processing: aws-codeseeder
[2023-05-03 00:11:50] INFO root fetch - processPackages [ThreadPoolExecutor-0_3]: Start processing: jdemp0913
[2023-05-03 00:11:50] INFO root fetch - processPackages [ThreadPoolExecutor-0_4]: Start processing: kolibri-explore-plugin
[2023-05-03 00:11:50] INFO root fetch - processPackages [ThreadPoolExecutor-0_5]: Start processing: pycryptosat
[2023-05-03 00:11:50] INFO root fetch - processPackages [ThreadPoolExecutor-0_6]: Start processing: qwak-sdk
[2023-05-03 00:11:50] INFO root fetch - processPackages [ThreadPoolExecutor-0_7]: Start processing: ix-aims
[2023-05-03 00:11:50] INFO root fetch - processPackages [ThreadPoolExecutor-0_8]: Start processing: pepperize.cdk-serverless-cluster-from-snapshot
[2023-05-03 00:11:50] INFO root fetch - processPackages [ThreadPoolExecutor-0_9]: Start processing: pulumi-azure-native
[2023-05-03 00:11:51] INFO root fetch - processPackages [ix-aims]: New version: [0.1.1rc4] Old Version: [0.1.1rc3]
[2023-05-03 00:11:51] WARNING root fetch - processPackages [coursepy]: Skipping, unable to determine old version
[2023-05-03 00:11:51] INFO root fetch - processPackages [coursepy]: Start processing: diamondback
[2023-05-03 00:11:51] INFO root fetch - main [MainThread]: End processing [coursepy] error
[2023-05-03 00:11:51] WARNING root fetch - processPackages [jdemp0913]: Skipping, unable to determine old version
[2023-05-03 00:11:51] INFO root fetch - processPackages [aws-codeseeder]: New version: [0.9.0] Old Version: [0.8.2]
[2023-05-03 00:11:51] INFO root fetch - main [MainThread]: End processing [jdemp0913] error
[2023-05-03 00:11:51] INFO root fetch - processPackages [kolibri-explore-plugin]: New version: [5.9.0] Old Version: [5.8.0]
[2023-05-03 00:11:51] INFO root fetch - processPackages [ix-aims]: New version: [0.1.1rc4] Old Version: [0.1.1rc3]
[2023-05-03 00:11:51] INFO root fetch - processPackages [qwak-sdk]: New version: [0.2.29rc0] Old Version: [0.2.28rc0]
[2023-05-03 00:11:51] INFO root fetch - processPackages [pycryptosat]: New version: [5.11.9] Old Version: [5.11.8]
[2023-05-03 00:11:51] INFO root fetch - processPackages [pulumi-azure-native]: New version: [1.99.3a1681807800] Old Version: [1.99.3a1681488349]
[2023-05-03 00:11:51] INFO root fetch - processPackages [pepperize.cdk-serverless-cluster-from-snapshot]: New version: [0.0.99] Old Version: [0.0.98]
[2023-05-03 00:11:51] INFO root fetch - processPackages [pulumi-azure-native]: Downloading https://files.pythonhosted.org/packages/52/f3/3693eef5572581c854b7baa4a23609bed3bd058874015c550b7dfcf8d321/pulumi_azure_native-1.99.3a1681488349.tar.gz
[2023-05-03 00:11:51] WARNING root fetch - processPackages [pulumi-azure-native]: Skipping package: exceeds size limit 62615676>=10485760
[2023-05-03 00:11:51] INFO root fetch - main [MainThread]: End processing [pulumi-azure-native] error
[2023-05-03 00:11:51] INFO root fetch - processPackages [ix-aims]: Downloading https://files.pythonhosted.org/packages/e5/ab/58984a8259df84da88edd26d97a536582ee1e61479671578ef9217a7bfa3/ix_aims-0.1.1rc3.tar.gz
[2023-05-03 00:11:51] INFO root fetch - processPackages [diamondback]: New version: [4.1.9] Old Version: [4.1.8]
[2023-05-03 00:11:51] INFO root fetch - processPackages [ix-aims]: Downloading https://files.pythonhosted.org/packages/e5/ab/58984a8259df84da88edd26d97a536582ee1e61479671578ef9217a7bfa3/ix_aims-0.1.1rc3.tar.gz
[2023-05-03 00:11:51] INFO root fetch - processPackages [kolibri-explore-plugin]: Downloading https://files.pythonhosted.org/packages/0c/7a/c73dde3624d86c7539942b345c199c1b99ced64421ccfe50eea5b3591969/kolibri_explore_plugin-5.8.0-py2.py3-none-any.whl
[2023-05-03 00:11:51] WARNING root fetch - processPackages [kolibri-explore-plugin]: Skipping package: exceeds size limit 16264518>=10485760
[2023-05-03 00:11:51] INFO root fetch - main [MainThread]: End processing [kolibri-explore-plugin] error
[2023-05-03 00:11:51] INFO root fetch - processPackages [aws-codeseeder]: Downloading https://files.pythonhosted.org/packages/c5/93/91008612424e73814de04397ae8f2e440e5161ee17e19dafabdcc3038ff3/aws_codeseeder-0.9.0-py3-none-any.whl
[2023-05-03 00:11:51] INFO root fetch - processPackages [pepperize.cdk-serverless-cluster-from-snapshot]: executing diffoscope
[2023-05-03 00:11:51] INFO root fetch - processPackages [pepperize.cdk-serverless-cluster-from-snapshot]: podman run --user 0:0 --rm -w /home/abi/fetcher -v /home/abi/fetcher/tmp:/home/abi/fetcher/tmp:ro -v /home/abi/fetcher/20230503:/home/abi/fetcher/20230503:rw registry.salsa.debian.org/reproducible-builds/diffoscope --no-progress tmp/pepperize.cdk-serverless-cluster-from-snapshot-0.0.98.tar.gz tmp/pepperize.cdk-serverless-cluster-from-snapshot-0.0.99.tar.gz --markdown 20230503/p/pepperize.cdk-serverless-cluster-from-snapshot/0.0.98-0.0.99/diff.md --exclude *.pyd
[2023-05-03 00:11:51] INFO root fetch - processPackages [pycryptosat]: executing diffoscope
[2023-05-03 00:11:51] INFO root fetch - processPackages [pycryptosat]: podman run --user 0:0 --rm -w /home/abi/fetcher -v /home/abi/fetcher/tmp:/home/abi/fetcher/tmp:ro -v /home/abi/fetcher/20230503:/home/abi/fetcher/20230503:rw registry.salsa.debian.org/reproducible-builds/diffoscope --no-progress tmp/pycryptosat-5.11.8.tar.gz tmp/pycryptosat-5.11.9.tar.gz --markdown 20230503/p/pycryptosat/5.11.8-5.11.9/diff.md --exclude *.pyd
[2023-05-03 00:11:51] INFO root fetch - processPackages [aws-codeseeder]: executing diffoscope
[2023-05-03 00:11:51] INFO root fetch - processPackages [aws-codeseeder]: podman run --user 0:0 --rm -w /home/abi/fetcher -v /home/abi/fetcher/tmp:/home/abi/fetcher/tmp:ro -v /home/abi/fetcher/20230503:/home/abi/fetcher/20230503:rw registry.salsa.debian.org/reproducible-builds/diffoscope --no-progress tmp/aws_codeseeder-0.8.2-py3-none-any.whl.zip tmp/aws_codeseeder-0.9.0-py3-none-any.whl.zip --markdown 20230503/a/aws-codeseeder/0.8.2-0.9.0/diff.md --exclude *.pyd
[2023-05-03 00:11:51] INFO root fetch - processPackages [ix-aims]: Downloading https://files.pythonhosted.org/packages/78/3c/ae6bcdc9ff40cdca6964a2b53372ec8fc80a7e3de83ad8d0cc48f9af675e/ix_aims-0.1.1rc4.tar.gz
[2023-05-03 00:11:51] INFO root fetch - processPackages [ix-aims]: Downloading https://files.pythonhosted.org/packages/78/3c/ae6bcdc9ff40cdca6964a2b53372ec8fc80a7e3de83ad8d0cc48f9af675e/ix_aims-0.1.1rc4.tar.gz
[2023-05-03 00:11:51] INFO root fetch - processPackages [qwak-sdk]: executing diffoscope
[2023-05-03 00:11:51] INFO root fetch - processPackages [qwak-sdk]: podman run --user 0:0 --rm -w /home/abi/fetcher -v /home/abi/fetcher/tmp:/home/abi/fetcher/tmp:ro -v /home/abi/fetcher/20230503:/home/abi/fetcher/20230503:rw registry.salsa.debian.org/reproducible-builds/diffoscope --no-progress tmp/qwak_sdk-0.2.28rc0.tar.gz tmp/qwak_sdk-0.2.29rc0.tar.gz --markdown 20230503/q/qwak-sdk/0.2.28rc0-0.2.29rc0/diff.md --exclude *.pyd
[2023-05-03 00:11:51] INFO root fetch - processPackages [ix-aims]: executing diffoscope
[2023-05-03 00:11:51] INFO root fetch - processPackages [ix-aims]: podman run --user 0:0 --rm -w /home/abi/fetcher -v /home/abi/fetcher/tmp:/home/abi/fetcher/tmp:ro -v /home/abi/fetcher/20230503:/home/abi/fetcher/20230503:rw registry.salsa.debian.org/reproducible-builds/diffoscope --no-progress tmp/ix_aims-0.1.1rc3.tar.gz tmp/ix_aims-0.1.1rc4.tar.gz --markdown 20230503/i/ix-aims/0.1.1rc3-0.1.1rc4/diff.md --exclude *.pyd
[2023-05-03 00:11:51] INFO root fetch - processPackages [ix-aims]: executing diffoscope
[2023-05-03 00:11:51] INFO root fetch - processPackages [ix-aims]: podman run --user 0:0 --rm -w /home/abi/fetcher -v /home/abi/fetcher/tmp:/home/abi/fetcher/tmp:ro -v /home/abi/fetcher/20230503:/home/abi/fetcher/20230503:rw registry.salsa.debian.org/reproducible-builds/diffoscope --no-progress tmp/ix_aims-0.1.1rc3.tar.gz tmp/ix_aims-0.1.1rc4.tar.gz --markdown 20230503/i/ix-aims/0.1.1rc3-0.1.1rc4/diff.md --exclude *.pyd
[2023-05-03 00:11:51] INFO root fetch - processPackages [diamondback]: executing diffoscope
[2023-05-03 00:11:51] INFO root fetch - processPackages [diamondback]: podman run --user 0:0 --rm -w /home/abi/fetcher -v /home/abi/fetcher/tmp:/home/abi/fetcher/tmp:ro -v /home/abi/fetcher/20230503:/home/abi/fetcher/20230503:rw registry.salsa.debian.org/reproducible-builds/diffoscope --no-progress tmp/diamondback-4.1.8.tar.gz tmp/diamondback-4.1.9.tar.gz --markdown 20230503/d/diamondback/4.1.8-4.1.9/diff.md --exclude *.pyd
[2023-05-03 00:11:52] INFO root fetch - main [MainThread]: End processing [ix-aims]: success
[2023-05-03 00:11:52] INFO root fetch - main [MainThread]: End processing [ix-aims]: success
[2023-05-03 00:11:52] INFO root fetch - main [MainThread]: End processing [aws-codeseeder]: success
[2023-05-03 00:11:53] INFO root fetch - main [MainThread]: End processing [pepperize.cdk-serverless-cluster-from-snapshot]: success
[2023-05-03 00:11:53] INFO root fetch - main [MainThread]: End processing [diamondback]: success
[2023-05-03 00:11:54] INFO root fetch - main [MainThread]: End processing [pycryptosat]: success
[2023-05-03 00:11:55] INFO root fetch - main [MainThread]: End processing [qwak-sdk]: success
[2023-05-03 00:11:55] INFO root fetch - main [MainThread]: Store serial: [17947706]
[2023-05-03 00:16:59] INFO root fetch - main [MainThread]: Get Changelog since Serial: [17947706]
[2023-05-03 00:17:03] INFO root fetch - main [MainThread]: Found 13 changed packages
[2023-05-03 00:17:03] INFO root fetch - processPackages [ThreadPoolExecutor-0_0]: Start processing: certbot-dns-multi
[2023-05-03 00:17:03] INFO root fetch - processPackages [ThreadPoolExecutor-0_1]: Start processing: pulumi-oci
[2023-05-03 00:17:03] INFO root fetch - processPackages [ThreadPoolExecutor-0_2]: Start processing: MotorDeCalidad
[2023-05-03 00:17:03] INFO root fetch - processPackages [ThreadPoolExecutor-0_3]: Start processing: jotdown
[2023-05-03 00:17:03] INFO root fetch - processPackages [ThreadPoolExecutor-0_4]: Start processing: certora-cli-alpha-shelly-postautofinders
[2023-05-03 00:17:04] INFO root fetch - processPackages [ThreadPoolExecutor-0_5]: Start processing: clsquery
[2023-05-03 00:17:04] INFO root fetch - processPackages [ThreadPoolExecutor-0_6]: Start processing: collectmeteranalog
[2023-05-03 00:17:04] INFO root fetch - processPackages [ThreadPoolExecutor-0_7]: Start processing: mdsanima-cli
[2023-05-03 00:17:04] INFO root fetch - processPackages [ThreadPoolExecutor-0_8]: Start processing: pyunigen
[2023-05-03 00:17:04] INFO root fetch - processPackages [ThreadPoolExecutor-0_9]: Start processing: american-options
[2023-05-03 00:17:04] INFO root fetch - processPackages [certbot-dns-multi]: New version: [4.9.1.dev0] Old Version: [4.9.1]
[2023-05-03 00:17:04] WARNING root fetch - processPackages [certora-cli-alpha-shelly-postautofinders]: Skipping, unable to determine old version
[2023-05-03 00:17:04] INFO root fetch - processPackages [certora-cli-alpha-shelly-postautofinders]: Start processing: dop-integration-libs
[2023-05-03 00:17:04] INFO root fetch - processPackages [jotdown]: New version: [2.0.2] Old Version: [2.0.1]
[2023-05-03 00:17:04] INFO root fetch - main [MainThread]: End processing [certora-cli-alpha-shelly-postautofinders] error
[2023-05-03 00:17:04] INFO root fetch - processPackages [pulumi-oci]: New version: [0.9.1a1677791364] Old Version: [0.9.0]
[2023-05-03 00:17:04] INFO root fetch - processPackages [pyunigen]: New version: [2.5.4] Old Version: [2.5.3]
[2023-05-03 00:17:04] INFO root fetch - processPackages [MotorDeCalidad]: New version: [1.9.9] Old Version: [1.9.8]
[2023-05-03 00:17:04] WARNING root fetch - processPackages [clsquery]: Skipping, unable to determine old version
[2023-05-03 00:17:04] INFO root fetch - processPackages [clsquery]: Start processing: collectmeterdigits
[2023-05-03 00:17:04] INFO root fetch - main [MainThread]: End processing [clsquery] error
[2023-05-03 00:17:04] INFO root fetch - processPackages [dop-integration-libs]: New version: [0.1.9] Old Version: [0.1.8]
[2023-05-03 00:17:04] WARNING root fetch - processPackages [collectmeterdigits]: Skipping, unable to determine old version
[2023-05-03 00:17:04] INFO root fetch - processPackages [collectmeterdigits]: Start processing: neurotechdevkit
[2023-05-03 00:17:04] INFO root fetch - main [MainThread]: End processing [collectmeterdigits] error
[2023-05-03 00:17:04] INFO root fetch - processPackages [neurotechdevkit]: New version: [0.0.9] Old Version: [0.0.8]
[2023-05-03 00:17:04] WARNING root fetch - processPackages [american-options]: Skipping, unable to determine old version
[2023-05-03 00:17:04] INFO root fetch - main [MainThread]: End processing [american-options] error
[2023-05-03 00:17:04] INFO root fetch - processPackages [collectmeteranalog]: New version: [1.0.15] Old Version: [1.0.14]
[2023-05-03 00:17:04] INFO root fetch - processPackages [mdsanima-cli]: New version: [0.2.0] Old Version: [0.1.3]
[2023-05-03 00:17:04] INFO root fetch - processPackages [dop-integration-libs]: executing diffoscope
[2023-05-03 00:17:04] INFO root fetch - processPackages [dop-integration-libs]: podman run --user 0:0 --rm -w /home/abi/fetcher -v /home/abi/fetcher/tmp:/home/abi/fetcher/tmp:ro -v /home/abi/fetcher/20230503:/home/abi/fetcher/20230503:rw registry.salsa.debian.org/reproducible-builds/diffoscope --no-progress tmp/dop_integration_libs-0.1.8.tar.gz tmp/dop_integration_libs-0.1.9.tar.gz --markdown 20230503/d/dop-integration-libs/0.1.8-0.1.9/diff.md --exclude *.pyd
[2023-05-03 00:17:04] INFO root fetch - processPackages [pulumi-oci]: executing diffoscope
[2023-05-03 00:17:04] INFO root fetch - processPackages [pulumi-oci]: podman run --user 0:0 --rm -w /home/abi/fetcher -v /home/abi/fetcher/tmp:/home/abi/fetcher/tmp:ro -v /home/abi/fetcher/20230503:/home/abi/fetcher/20230503:rw registry.salsa.debian.org/reproducible-builds/diffoscope --no-progress tmp/pulumi_oci-0.9.0.tar.gz tmp/pulumi_oci-0.9.1a1677791364.tar.gz --markdown 20230503/p/pulumi-oci/0.9.0-0.9.1a1677791364/diff.md --exclude *.pyd
[2023-05-03 00:17:04] INFO root fetch - processPackages [neurotechdevkit]: executing diffoscope
[2023-05-03 00:17:04] INFO root fetch - processPackages [neurotechdevkit]: podman run --user 0:0 --rm -w /home/abi/fetcher -v /home/abi/fetcher/tmp:/home/abi/fetcher/tmp:ro -v /home/abi/fetcher/20230503:/home/abi/fetcher/20230503:rw registry.salsa.debian.org/reproducible-builds/diffoscope --no-progress tmp/neurotechdevkit-0.0.8.tar.gz tmp/neurotechdevkit-0.0.9.tar.gz --markdown 20230503/n/neurotechdevkit/0.0.8-0.0.9/diff.md --exclude *.pyd
[2023-05-03 00:17:04] INFO root fetch - processPackages [certbot-dns-multi]: Downloading https://files.pythonhosted.org/packages/cc/f4/18f66a710e1ecf267ee6643f474609f74951c84f127f2a7bb12646e8a3aa/certbot-dns-multi-4.9.1.tar.gz
[2023-05-03 00:17:04] INFO root fetch - processPackages [jotdown]: Downloading https://files.pythonhosted.org/packages/0c/2c/397e45c833bee1a8f5a9226c38886a38374f402fc67bd3a14dc06d59db1f/jotdown-2.0.1.tar.gz
[2023-05-03 00:17:04] INFO root fetch - processPackages [mdsanima-cli]: Downloading https://files.pythonhosted.org/packages/74/ee/30187b42a1798a8428a202e7ab6d2afd3406f4fb48a584c86b3f733da05d/mdsanima_cli-0.1.3.tar.gz
[2023-05-03 00:17:04] INFO root fetch - processPackages [collectmeteranalog]: Downloading https://files.pythonhosted.org/packages/2f/6d/724d2b7693c49a70b4f1462b27c5849544f2e59ffac8c3bd763e25e76328/collectmeteranalog-1.0.15.tar.gz
[2023-05-03 00:17:04] INFO root fetch - processPackages [pyunigen]: executing diffoscope
[2023-05-03 00:17:04] INFO root fetch - processPackages [pyunigen]: podman run --user 0:0 --rm -w /home/abi/fetcher -v /home/abi/fetcher/tmp:/home/abi/fetcher/tmp:ro -v /home/abi/fetcher/20230503:/home/abi/fetcher/20230503:rw registry.salsa.debian.org/reproducible-builds/diffoscope --no-progress tmp/pyunigen-2.5.3.tar.gz tmp/pyunigen-2.5.4.tar.gz --markdown 20230503/p/pyunigen/2.5.3-2.5.4/diff.md --exclude *.pyd
[2023-05-03 00:17:04] INFO root fetch - processPackages [MotorDeCalidad]: executing diffoscope
[2023-05-03 00:17:04] INFO root fetch - processPackages [MotorDeCalidad]: podman run --user 0:0 --rm -w /home/abi/fetcher -v /home/abi/fetcher/tmp:/home/abi/fetcher/tmp:ro -v /home/abi/fetcher/20230503:/home/abi/fetcher/20230503:rw registry.salsa.debian.org/reproducible-builds/diffoscope --no-progress tmp/MotorDeCalidad-1.9.8.tar.gz tmp/MotorDeCalidad-1.9.9.tar.gz --markdown 20230503/M/MotorDeCalidad/1.9.8-1.9.9/diff.md --exclude *.pyd
[2023-05-03 00:17:04] INFO root fetch - processPackages [collectmeteranalog]: executing diffoscope
[2023-05-03 00:17:04] INFO root fetch - processPackages [collectmeteranalog]: podman run --user 0:0 --rm -w /home/abi/fetcher -v /home/abi/fetcher/tmp:/home/abi/fetcher/tmp:ro -v /home/abi/fetcher/20230503:/home/abi/fetcher/20230503:rw registry.salsa.debian.org/reproducible-builds/diffoscope --no-progress tmp/collectmeteranalog-1.0.14.tar.gz tmp/collectmeteranalog-1.0.15.tar.gz --markdown 20230503/c/collectmeteranalog/1.0.14-1.0.15/diff.md --exclude *.pyd
[2023-05-03 00:17:04] INFO root fetch - processPackages [jotdown]: Downloading https://files.pythonhosted.org/packages/ab/b5/8be5ef2673e8a5c7ac459b273a0ced20416978c116dfa7f5e2cc70a70cfa/jotdown-2.0.2.tar.gz
[2023-05-03 00:17:04] INFO root fetch - processPackages [mdsanima-cli]: Downloading https://files.pythonhosted.org/packages/e3/44/dd11f863037bf5d2bf805e9056242541fa602caac3cba4514bb60ecc520f/mdsanima_cli-0.2.0.tar.gz
[2023-05-03 00:17:04] INFO root fetch - processPackages [certbot-dns-multi]: Downloading https://files.pythonhosted.org/packages/0b/db/5ad2d4770403ae3a748f7a984f6c03cb6dc95ab6f3302589fcda0d427b30/certbot-dns-multi-4.9.1.dev0.tar.gz
[2023-05-03 00:17:04] INFO root fetch - processPackages [jotdown]: executing diffoscope
[2023-05-03 00:17:04] INFO root fetch - processPackages [jotdown]: podman run --user 0:0 --rm -w /home/abi/fetcher -v /home/abi/fetcher/tmp:/home/abi/fetcher/tmp:ro -v /home/abi/fetcher/20230503:/home/abi/fetcher/20230503:rw registry.salsa.debian.org/reproducible-builds/diffoscope --no-progress tmp/jotdown-2.0.1.tar.gz tmp/jotdown-2.0.2.tar.gz --markdown 20230503/j/jotdown/2.0.1-2.0.2/diff.md --exclude *.pyd
[2023-05-03 00:17:04] INFO root fetch - processPackages [mdsanima-cli]: executing diffoscope
[2023-05-03 00:17:04] INFO root fetch - processPackages [mdsanima-cli]: podman run --user 0:0 --rm -w /home/abi/fetcher -v /home/abi/fetcher/tmp:/home/abi/fetcher/tmp:ro -v /home/abi/fetcher/20230503:/home/abi/fetcher/20230503:rw registry.salsa.debian.org/reproducible-builds/diffoscope --no-progress tmp/mdsanima_cli-0.1.3.tar.gz tmp/mdsanima_cli-0.2.0.tar.gz --markdown 20230503/m/mdsanima-cli/0.1.3-0.2.0/diff.md --exclude *.pyd
[2023-05-03 00:17:05] INFO root fetch - processPackages [certbot-dns-multi]: executing diffoscope
[2023-05-03 00:17:05] INFO root fetch - processPackages [certbot-dns-multi]: podman run --user 0:0 --rm -w /home/abi/fetcher -v /home/abi/fetcher/tmp:/home/abi/fetcher/tmp:ro -v /home/abi/fetcher/20230503:/home/abi/fetcher/20230503:rw registry.salsa.debian.org/reproducible-builds/diffoscope --no-progress tmp/certbot-dns-multi-4.9.1.tar.gz tmp/certbot-dns-multi-4.9.1.dev0.tar.gz --markdown 20230503/c/certbot-dns-multi/4.9.1-4.9.1.dev0/diff.md --exclude *.pyd
[2023-05-03 00:17:05] INFO root fetch - main [MainThread]: End processing [dop-integration-libs]: success
[2023-05-03 00:17:05] INFO root fetch - main [MainThread]: End processing [MotorDeCalidad]: success
[2023-05-03 00:17:06] INFO root fetch - main [MainThread]: End processing [mdsanima-cli]: success
[2023-05-03 00:17:06] INFO root fetch - main [MainThread]: End processing [certbot-dns-multi]: success
[2023-05-03 00:17:06] INFO root fetch - main [MainThread]: End processing [collectmeteranalog]: success
[2023-05-03 00:17:07] INFO root fetch - main [MainThread]: End processing [pyunigen]: success
[2023-05-03 00:17:07] INFO root fetch - main [MainThread]: End processing [neurotechdevkit]: success
[2023-05-03 00:17:09] INFO root fetch - main [MainThread]: End processing [jotdown]: success
[2023-05-03 00:17:50] INFO root fetch - main [MainThread]: End processing [pulumi-oci]: success
[2023-05-03 00:17:50] INFO root fetch - main [MainThread]: Store serial: [17947752]
[2023-05-03 00:22:56] INFO root fetch - main [MainThread]: Get Changelog since Serial: [17947752]
[2023-05-03 00:23:01] INFO root fetch - main [MainThread]: Found 12 changed packages
[2023-05-03 00:23:01] INFO root fetch - processPackages [ThreadPoolExecutor-0_0]: Start processing: certora-cli-alpha-shelly-CERT1958ErrorCodes
[2023-05-03 00:23:01] INFO root fetch - processPackages [ThreadPoolExecutor-0_1]: Start processing: jotdown
[2023-05-03 00:23:01] INFO root fetch - processPackages [ThreadPoolExecutor-0_2]: Start processing: dexhub
[2023-05-03 00:23:01] INFO root fetch - processPackages [ThreadPoolExecutor-0_3]: Start processing: testmsg
[2023-05-03 00:23:01] INFO root fetch - processPackages [ThreadPoolExecutor-0_4]: Start processing: OctoBot-Services
[2023-05-03 00:23:01] INFO root fetch - processPackages [ThreadPoolExecutor-0_5]: Start processing: kelvin-sdk
[2023-05-03 00:23:01] INFO root fetch - processPackages [ThreadPoolExecutor-0_6]: Start processing: simulateIRAS
[2023-05-03 00:23:01] INFO root fetch - processPackages [ThreadPoolExecutor-0_7]: Start processing: evals-nightly
[2023-05-03 00:23:01] INFO root fetch - processPackages [ThreadPoolExecutor-0_8]: Start processing: collectmeteranalog
[2023-05-03 00:23:01] INFO root fetch - processPackages [ThreadPoolExecutor-0_9]: Start processing: dbt-databricks
[2023-05-03 00:23:01] INFO root fetch - processPackages [jotdown]: New version: [2.0.3] Old Version: [2.0.2]
[2023-05-03 00:23:01] INFO root fetch - processPackages [kelvin-sdk]: New version: [7.9.0] Old Version: [7.8.1]
[2023-05-03 00:23:01] INFO root fetch - processPackages [collectmeteranalog]: New version: [1.0.15] Old Version: [1.0.14]
[2023-05-03 00:23:01] INFO root fetch - processPackages [OctoBot-Services]: New version: [1.6.0] Old Version: [1.5.6]
[2023-05-03 00:23:01] INFO root fetch - processPackages [dexhub]: New version: [0.6.6] Old Version: [0.6.5]
[2023-05-03 00:23:01] INFO root fetch - processPackages [certora-cli-alpha-shelly-CERT1958ErrorCodes]: New version: [20230502.22.17.353047] Old Version: [20230430.20.4.774486]
[2023-05-03 00:23:01] INFO root fetch - processPackages [simulateIRAS]: New version: [0.1.0.post6] Old Version: [0.1.0.post5]
[2023-05-03 00:23:01] WARNING root fetch - processPackages [testmsg]: Skipping, unable to determine old version
[2023-05-03 00:23:01] INFO root fetch - processPackages [testmsg]: Start processing: Pulse3D
[2023-05-03 00:23:01] INFO root fetch - main [MainThread]: End processing [testmsg] error
[2023-05-03 00:23:01] INFO root fetch - processPackages [collectmeteranalog]: executing diffoscope
[2023-05-03 00:23:01] INFO root fetch - processPackages [collectmeteranalog]: podman run --user 0:0 --rm -w /home/abi/fetcher -v /home/abi/fetcher/tmp:/home/abi/fetcher/tmp:ro -v /home/abi/fetcher/20230503:/home/abi/fetcher/20230503:rw registry.salsa.debian.org/reproducible-builds/diffoscope --no-progress tmp/collectmeteranalog-1.0.14.tar.gz tmp/collectmeteranalog-1.0.15.tar.gz --markdown 20230503/c/collectmeteranalog/1.0.14-1.0.15/diff.md --exclude *.pyd
[2023-05-03 00:23:01] INFO root fetch - processPackages [dbt-databricks]: New version: [1.5.0rc1] Old Version: [1.4.3]
[2023-05-03 00:23:01] INFO root fetch - processPackages [Pulse3D]: New version: [0.33.0] Old Version: [0.32.6]
[2023-05-03 00:23:01] WARNING root fetch - processPackages [evals-nightly]: Skipping, unable to determine old version
[2023-05-03 00:23:01] INFO root fetch - processPackages [evals-nightly]: Start processing: collectmeterdigits
[2023-05-03 00:23:01] INFO root fetch - main [MainThread]: End processing [evals-nightly] error
[2023-05-03 00:23:01] INFO root fetch - processPackages [certora-cli-alpha-shelly-CERT1958ErrorCodes]: Downloading https://files.pythonhosted.org/packages/2c/d8/d17afffc43a62cf3db973b8967077d2672e7d255428fbb2377aa325ead9f/certora-cli-alpha-shelly-CERT1958ErrorCodes-20230430.20.4.774486.tar.gz
[2023-05-03 00:23:01] INFO root fetch - processPackages [kelvin-sdk]: Downloading https://files.pythonhosted.org/packages/13/5d/9ab61e7b9bb535d29ce76af465c319a75561af42755467b54d3095116af7/kelvin_sdk-7.8.1-py3-none-any.whl
[2023-05-03 00:23:01] INFO root fetch - processPackages [jotdown]: Downloading https://files.pythonhosted.org/packages/ea/fb/369ff2f4ee992a8af8e41fb3e9e4adf344d694e6aec47f140de0c13970ea/jotdown-2.0.3.tar.gz
[2023-05-03 00:23:01] INFO root fetch - processPackages [OctoBot-Services]: Downloading https://files.pythonhosted.org/packages/d0/0b/60ea65deb21f03d6ab4a6684a439ca86d95ae5271a61e6fe0a47762a8e41/OctoBot-Services-1.6.0.tar.gz
[2023-05-03 00:23:01] INFO root fetch - processPackages [simulateIRAS]: Downloading https://files.pythonhosted.org/packages/b1/12/36dff3c9a8e421906e54a06c58d669b90e354333c7594d96af4b4669c3ea/simulateIRAS-0.1.0.post6.tar.gz
[2023-05-03 00:23:01] INFO root fetch - processPackages [collectmeterdigits]: New version: [1.0.7] Old Version: [1.0.6]
[2023-05-03 00:23:01] INFO root fetch - processPackages [dexhub]: Downloading https://files.pythonhosted.org/packages/43/4d/dcf51a783f0da59b0c73ea9f1f198996b86f802eb8938a4a304680ba4495/dexhub-0.6.6.tar.gz
[2023-05-03 00:23:01] INFO root fetch - processPackages [dbt-databricks]: Downloading https://files.pythonhosted.org/packages/97/50/9c02d9e97cdecc9ad8d45212d1f3ad73fc17c563f4108d20af26ba93d52b/dbt-databricks-1.4.3.tar.gz
[2023-05-03 00:23:01] WARNING root fetch - processPackages [certora-cli-alpha-shelly-CERT1958ErrorCodes]: Skipping package: exceeds size limit 38306122>=10485760
[2023-05-03 00:23:01] INFO root fetch - main [MainThread]: End processing [certora-cli-alpha-shelly-CERT1958ErrorCodes] error
[2023-05-03 00:23:01] INFO root fetch - processPackages [OctoBot-Services]: executing diffoscope
[2023-05-03 00:23:01] INFO root fetch - processPackages [OctoBot-Services]: podman run --user 0:0 --rm -w /home/abi/fetcher -v /home/abi/fetcher/tmp:/home/abi/fetcher/tmp:ro -v /home/abi/fetcher/20230503:/home/abi/fetcher/20230503:rw registry.salsa.debian.org/reproducible-builds/diffoscope --no-progress tmp/OctoBot-Services-1.5.6.tar.gz tmp/OctoBot-Services-1.6.0.tar.gz --markdown 20230503/O/OctoBot-Services/1.5.6-1.6.0/diff.md --exclude *.pyd
[2023-05-03 00:23:01] INFO root fetch - processPackages [jotdown]: executing diffoscope
[2023-05-03 00:23:01] INFO root fetch - processPackages [jotdown]: podman run --user 0:0 --rm -w /home/abi/fetcher -v /home/abi/fetcher/tmp:/home/abi/fetcher/tmp:ro -v /home/abi/fetcher/20230503:/home/abi/fetcher/20230503:rw registry.salsa.debian.org/reproducible-builds/diffoscope --no-progress tmp/jotdown-2.0.2.tar.gz tmp/jotdown-2.0.3.tar.gz --markdown 20230503/j/jotdown/2.0.2-2.0.3/diff.md --exclude *.pyd
[2023-05-03 00:23:01] INFO root fetch - processPackages [simulateIRAS]: executing diffoscope
[2023-05-03 00:23:01] INFO root fetch - processPackages [simulateIRAS]: podman run --user 0:0 --rm -w /home/abi/fetcher -v /home/abi/fetcher/tmp:/home/abi/fetcher/tmp:ro -v /home/abi/fetcher/20230503:/home/abi/fetcher/20230503:rw registry.salsa.debian.org/reproducible-builds/diffoscope --no-progress tmp/simulateIRAS-0.1.0.post5.tar.gz tmp/simulateIRAS-0.1.0.post6.tar.gz --markdown 20230503/s/simulateIRAS/0.1.0.post5-0.1.0.post6/diff.md --exclude *.pyd
[2023-05-03 00:23:01] INFO root fetch - processPackages [dexhub]: executing diffoscope
[2023-05-03 00:23:01] INFO root fetch - processPackages [dexhub]: podman run --user 0:0 --rm -w /home/abi/fetcher -v /home/abi/fetcher/tmp:/home/abi/fetcher/tmp:ro -v /home/abi/fetcher/20230503:/home/abi/fetcher/20230503:rw registry.salsa.debian.org/reproducible-builds/diffoscope --no-progress tmp/dexhub-0.6.5.tar.gz tmp/dexhub-0.6.6.tar.gz --markdown 20230503/d/dexhub/0.6.5-0.6.6/diff.md --exclude *.pyd
[2023-05-03 00:23:01] INFO root fetch - processPackages [collectmeterdigits]: Downloading https://files.pythonhosted.org/packages/9d/f8/17505624a3c4d2c0bc7494149e8d1f7f7d9db8663bf8d0fad4fdd47ddc69/collectmeterdigits-1.0.6.tar.gz
[2023-05-03 00:23:01] INFO root fetch - processPackages [Pulse3D]: Downloading https://files.pythonhosted.org/packages/fb/1d/ec69c86433e3da94379eda87cd252d9800fd5933ecb25d274f449970349f/Pulse3D-0.33.0.tar.gz
[2023-05-03 00:23:01] INFO root fetch - processPackages [dbt-databricks]: Downloading https://files.pythonhosted.org/packages/62/3c/45ae6c0c8cadf94f2138ab8be5afb0e8d42cbc61998d8a4a6220a1c7f76f/dbt-databricks-1.5.0rc1.tar.gz
[2023-05-03 00:23:01] INFO root fetch - processPackages [kelvin-sdk]: Downloading https://files.pythonhosted.org/packages/a6/45/322adc0f7c04e6823f2d1e6075afe69e050d67d5bc47bf0edba0d344fcb9/kelvin_sdk-7.9.0-py3-none-any.whl
[2023-05-03 00:23:01] INFO root fetch - processPackages [Pulse3D]: executing diffoscope
[2023-05-03 00:23:01] INFO root fetch - processPackages [Pulse3D]: podman run --user 0:0 --rm -w /home/abi/fetcher -v /home/abi/fetcher/tmp:/home/abi/fetcher/tmp:ro -v /home/abi/fetcher/20230503:/home/abi/fetcher/20230503:rw registry.salsa.debian.org/reproducible-builds/diffoscope --no-progress tmp/Pulse3D-0.32.6.tar.gz tmp/Pulse3D-0.33.0.tar.gz --markdown 20230503/P/Pulse3D/0.32.6-0.33.0/diff.md --exclude *.pyd
[2023-05-03 00:23:01] INFO root fetch - processPackages [collectmeterdigits]: Downloading https://files.pythonhosted.org/packages/a5/c6/4e99987e35fb02337d9df7621bcdac530170f95a2405892d6656a77130cd/collectmeterdigits-1.0.7.tar.gz
[2023-05-03 00:23:01] INFO root fetch - processPackages [dbt-databricks]: executing diffoscope
[2023-05-03 00:23:01] INFO root fetch - processPackages [dbt-databricks]: podman run --user 0:0 --rm -w /home/abi/fetcher -v /home/abi/fetcher/tmp:/home/abi/fetcher/tmp:ro -v /home/abi/fetcher/20230503:/home/abi/fetcher/20230503:rw registry.salsa.debian.org/reproducible-builds/diffoscope --no-progress tmp/dbt-databricks-1.4.3.tar.gz tmp/dbt-databricks-1.5.0rc1.tar.gz --markdown 20230503/d/dbt-databricks/1.4.3-1.5.0rc1/diff.md --exclude *.pyd
[2023-05-03 00:23:02] INFO root fetch - processPackages [collectmeterdigits]: executing diffoscope
[2023-05-03 00:23:02] INFO root fetch - processPackages [collectmeterdigits]: podman run --user 0:0 --rm -w /home/abi/fetcher -v /home/abi/fetcher/tmp:/home/abi/fetcher/tmp:ro -v /home/abi/fetcher/20230503:/home/abi/fetcher/20230503:rw registry.salsa.debian.org/reproducible-builds/diffoscope --no-progress tmp/collectmeterdigits-1.0.6.tar.gz tmp/collectmeterdigits-1.0.7.tar.gz --markdown 20230503/c/collectmeterdigits/1.0.6-1.0.7/diff.md --exclude *.pyd
[2023-05-03 00:23:02] INFO root fetch - processPackages [kelvin-sdk]: executing diffoscope
[2023-05-03 00:23:02] INFO root fetch - processPackages [kelvin-sdk]: podman run --user 0:0 --rm -w /home/abi/fetcher -v /home/abi/fetcher/tmp:/home/abi/fetcher/tmp:ro -v /home/abi/fetcher/20230503:/home/abi/fetcher/20230503:rw registry.salsa.debian.org/reproducible-builds/diffoscope --no-progress tmp/kelvin_sdk-7.8.1-py3-none-any.whl.zip tmp/kelvin_sdk-7.9.0-py3-none-any.whl.zip --markdown 20230503/k/kelvin-sdk/7.8.1-7.9.0/diff.md --exclude *.pyd
[2023-05-03 00:23:03] INFO root fetch - main [MainThread]: End processing [collectmeteranalog]: success
[2023-05-03 00:23:03] INFO root fetch - main [MainThread]: End processing [simulateIRAS]: success
[2023-05-03 00:23:03] INFO root fetch - main [MainThread]: End processing [dexhub]: success
[2023-05-03 00:23:03] INFO root fetch - main [MainThread]: End processing [Pulse3D]: success
[2023-05-03 00:23:03] INFO root fetch - main [MainThread]: End processing [dbt-databricks]: success
[2023-05-03 00:23:03] INFO root fetch - main [MainThread]: End processing [OctoBot-Services]: success
[2023-05-03 00:23:03] INFO root fetch - main [MainThread]: End processing [jotdown]: success
[2023-05-03 00:23:04] INFO root fetch - main [MainThread]: End processing [collectmeterdigits]: success
[2023-05-03 00:23:04] INFO root fetch - main [MainThread]: End processing [kelvin-sdk]: success
[2023-05-03 00:23:04] INFO root fetch - main [MainThread]: Store serial: [17947792]
[2023-05-03 00:28:09] INFO root fetch - main [MainThread]: Get Changelog since Serial: [17947792]
[2023-05-03 00:28:14] INFO root fetch - main [MainThread]: Found 5 changed packages
[2023-05-03 00:28:14] INFO root fetch - processPackages [ThreadPoolExecutor-0_0]: Start processing: CS333-Final-Project
[2023-05-03 00:28:14] INFO root fetch - processPackages [ThreadPoolExecutor-0_1]: Start processing: ksos
[2023-05-03 00:28:14] INFO root fetch - processPackages [ThreadPoolExecutor-0_2]: Start processing: multidimio
[2023-05-03 00:28:14] INFO root fetch - processPackages [ThreadPoolExecutor-0_3]: Start processing: np-session
[2023-05-03 00:28:14] INFO root fetch - processPackages [ThreadPoolExecutor-0_4]: Start processing: granian
[2023-05-03 00:28:14] INFO root fetch - processPackages [CS333-Final-Project]: New version: [0.0.9] Old Version: [0.0.8]
[2023-05-03 00:28:14] INFO root fetch - processPackages [ksos]: New version: [4.9.1] Old Version: [4.9.0]
[2023-05-03 00:28:14] INFO root fetch - processPackages [multidimio]: New version: [0.3] Old Version: [0.2.9]
[2023-05-03 00:28:14] INFO root fetch - processPackages [np-session]: New version: [0.6.0] Old Version: [0.5.4]
[2023-05-03 00:28:14] INFO root fetch - processPackages [CS333-Final-Project]: executing diffoscope
[2023-05-03 00:28:14] INFO root fetch - processPackages [CS333-Final-Project]: podman run --user 0:0 --rm -w /home/abi/fetcher -v /home/abi/fetcher/tmp:/home/abi/fetcher/tmp:ro -v /home/abi/fetcher/20230503:/home/abi/fetcher/20230503:rw registry.salsa.debian.org/reproducible-builds/diffoscope --no-progress tmp/CS333-Final-Project-0.0.8.tar.gz tmp/CS333-Final-Project-0.0.9.tar.gz --markdown 20230503/C/CS333-Final-Project/0.0.8-0.0.9/diff.md --exclude *.pyd
[2023-05-03 00:28:14] INFO root fetch - processPackages [ksos]: Downloading https://files.pythonhosted.org/packages/e6/7f/b9016df9d55004aac324efcca5d3b088d83af31dec778ed3ba7b90e8bbbc/ksos-4.9.0-py3-none-any.whl
[2023-05-03 00:28:14] INFO root fetch - processPackages [granian]: New version: [0.3.2] Old Version: [0.3.1]
[2023-05-03 00:28:14] INFO root fetch - processPackages [multidimio]: Downloading https://files.pythonhosted.org/packages/80/b1/6911075a531b0e45d73cfe5541e96f0d3fa3245988fbf39c4a21093c2c57/multidimio-0.3.tar.gz
[2023-05-03 00:28:14] INFO root fetch - processPackages [np-session]: Downloading https://files.pythonhosted.org/packages/f8/22/6965bbcafeec57ec819e08da95c3f294fc490769852b68179a2958213697/np-session-0.6.0.tar.gz
[2023-05-03 00:28:15] INFO root fetch - processPackages [multidimio]: executing diffoscope
[2023-05-03 00:28:15] INFO root fetch - processPackages [multidimio]: podman run --user 0:0 --rm -w /home/abi/fetcher -v /home/abi/fetcher/tmp:/home/abi/fetcher/tmp:ro -v /home/abi/fetcher/20230503:/home/abi/fetcher/20230503:rw registry.salsa.debian.org/reproducible-builds/diffoscope --no-progress tmp/multidimio-0.2.9.tar.gz tmp/multidimio-0.3.tar.gz --markdown 20230503/m/multidimio/0.2.9-0.3/diff.md --exclude *.pyd
[2023-05-03 00:28:15] INFO root fetch - processPackages [np-session]: executing diffoscope
[2023-05-03 00:28:15] INFO root fetch - processPackages [np-session]: podman run --user 0:0 --rm -w /home/abi/fetcher -v /home/abi/fetcher/tmp:/home/abi/fetcher/tmp:ro -v /home/abi/fetcher/20230503:/home/abi/fetcher/20230503:rw registry.salsa.debian.org/reproducible-builds/diffoscope --no-progress tmp/np-session-0.5.4.tar.gz tmp/np-session-0.6.0.tar.gz --markdown 20230503/n/np-session/0.5.4-0.6.0/diff.md --exclude *.pyd
[2023-05-03 00:28:15] INFO root fetch - processPackages [granian]: Downloading https://files.pythonhosted.org/packages/1a/94/5594447291f99dae41a96d3a1b9340da6b2dee12de55b291717e069a71db/granian-0.3.1.tar.gz
[2023-05-03 00:28:15] INFO root fetch - processPackages [ksos]: Downloading https://files.pythonhosted.org/packages/1c/ff/14c28d03d1fdae964d7b4a373db46148e7d78ae4e0211cb8cb717a931c94/ksos-4.9.1-py3-none-any.whl
[2023-05-03 00:28:15] INFO root fetch - processPackages [ksos]: executing diffoscope
[2023-05-03 00:28:15] INFO root fetch - processPackages [ksos]: podman run --user 0:0 --rm -w /home/abi/fetcher -v /home/abi/fetcher/tmp:/home/abi/fetcher/tmp:ro -v /home/abi/fetcher/20230503:/home/abi/fetcher/20230503:rw registry.salsa.debian.org/reproducible-builds/diffoscope --no-progress tmp/ksos-4.9.0-py3-none-any.whl.zip tmp/ksos-4.9.1-py3-none-any.whl.zip --markdown 20230503/k/ksos/4.9.0-4.9.1/diff.md --exclude *.pyd
[2023-05-03 00:28:15] INFO root fetch - processPackages [granian]: Downloading https://files.pythonhosted.org/packages/0e/a9/748534a0c6c9900c35f2f893012fcb9f0becd778c106b00d4b363b907e75/granian-0.3.2-cp310-cp310-manylinux_2_17_x86_64.manylinux2014_x86_64.whl
[2023-05-03 00:28:15] INFO root fetch - main [MainThread]: End processing [CS333-Final-Project]: success
[2023-05-03 00:28:15] INFO root fetch - processPackages [granian]: executing diffoscope
[2023-05-03 00:28:15] INFO root fetch - processPackages [granian]: podman run --user 0:0 --rm -w /home/abi/fetcher -v /home/abi/fetcher/tmp:/home/abi/fetcher/tmp:ro -v /home/abi/fetcher/20230503:/home/abi/fetcher/20230503:rw registry.salsa.debian.org/reproducible-builds/diffoscope --no-progress tmp/granian-0.3.1.tar.gz tmp/granian-0.3.2-cp310-cp310-manylinux_2_17_x86_64.manylinux2014_x86_64.whl.zip --markdown 20230503/g/granian/0.3.1-0.3.2/diff.md --exclude *.pyd
[2023-05-03 00:28:16] INFO root fetch - main [MainThread]: End processing [multidimio]: success
[2023-05-03 00:28:16] INFO root fetch - main [MainThread]: End processing [np-session]: success
[2023-05-03 00:28:16] INFO root fetch - main [MainThread]: End processing [ksos]: success
[2023-05-03 00:28:16] INFO root fetch - main [MainThread]: End processing [granian]: success
[2023-05-03 00:28:16] INFO root fetch - main [MainThread]: Store serial: [17947813]
